[debug] [2022-11-28T13:08:27.302Z] ----------------------------------------------------------------------
[debug] [2022-11-28T13:08:27.304Z] Command:       C:\Program Files\nodejs\node.exe C:\Users\Nasir\AppData\Roaming\npm\node_modules\firebase-tools\lib\bin\firebase.js deploy
[debug] [2022-11-28T13:08:27.304Z] CLI Version:   11.15.0
[debug] [2022-11-28T13:08:27.304Z] Platform:      win32
[debug] [2022-11-28T13:08:27.304Z] Node Version:  v16.17.0
[debug] [2022-11-28T13:08:27.305Z] Time:          Mon Nov 28 2022 19:08:27 GMT+0600 (Bangladesh Standard Time)
[debug] [2022-11-28T13:08:27.306Z] ----------------------------------------------------------------------
[debug] 
[debug] [2022-11-28T13:08:27.389Z] > command requires scopes: ["email","openid","https://www.googleapis.com/auth/cloudplatformprojects.readonly","https://www.googleapis.com/auth/firebase","https://www.googleapis.com/auth/cloud-platform"]
[debug] [2022-11-28T13:08:27.389Z] > authorizing via signed-in user (nasirahsan520@gmail.com)
[debug] [2022-11-28T13:08:27.389Z] [iam] checking project sell-your-tv for permissions ["firebase.projects.get","firebasehosting.sites.update"]
[debug] [2022-11-28T13:08:27.392Z] >>> [apiv2][query] POST https://cloudresourcemanager.googleapis.com/v1/projects/sell-your-tv:testIamPermissions [none]
[debug] [2022-11-28T13:08:27.392Z] >>> [apiv2][(partial)header] POST https://cloudresourcemanager.googleapis.com/v1/projects/sell-your-tv:testIamPermissions x-goog-quota-user=projects/sell-your-tv
[debug] [2022-11-28T13:08:27.392Z] >>> [apiv2][body] POST https://cloudresourcemanager.googleapis.com/v1/projects/sell-your-tv:testIamPermissions {"permissions":["firebase.projects.get","firebasehosting.sites.update"]}
[debug] [2022-11-28T13:08:29.001Z] <<< [apiv2][status] POST https://cloudresourcemanager.googleapis.com/v1/projects/sell-your-tv:testIamPermissions 200
[debug] [2022-11-28T13:08:29.001Z] <<< [apiv2][body] POST https://cloudresourcemanager.googleapis.com/v1/projects/sell-your-tv:testIamPermissions {"permissions":["firebase.projects.get","firebasehosting.sites.update"]}
[debug] [2022-11-28T13:08:29.002Z] >>> [apiv2][query] GET https://firebase.googleapis.com/v1beta1/projects/sell-your-tv [none]
[debug] [2022-11-28T13:08:29.543Z] <<< [apiv2][status] GET https://firebase.googleapis.com/v1beta1/projects/sell-your-tv 200
[debug] [2022-11-28T13:08:29.543Z] <<< [apiv2][body] GET https://firebase.googleapis.com/v1beta1/projects/sell-your-tv {"projectId":"sell-your-tv","projectNumber":"881319410661","displayName":"TV-Shop","name":"projects/sell-your-tv","resources":{"hostingSite":"sell-your-tv"},"state":"ACTIVE","etag":"1_8fadb101-75a1-445c-82e8-2d68af68ff14"}
[info] 
[info] === Deploying to 'sell-your-tv'...
[info] 
[info] i  deploying hosting 
[debug] [2022-11-28T13:08:29.551Z] >>> [apiv2][query] POST https://firebasehosting.googleapis.com/v1beta1/projects/-/sites/sell-your-tv/versions [none]
[debug] [2022-11-28T13:08:29.551Z] >>> [apiv2][body] POST https://firebasehosting.googleapis.com/v1beta1/projects/-/sites/sell-your-tv/versions {"status":"CREATED","labels":{"deployment-tool":"cli-firebase"}}
[debug] [2022-11-28T13:08:31.768Z] <<< [apiv2][status] POST https://firebasehosting.googleapis.com/v1beta1/projects/-/sites/sell-your-tv/versions 200
[debug] [2022-11-28T13:08:31.768Z] <<< [apiv2][body] POST https://firebasehosting.googleapis.com/v1beta1/projects/-/sites/sell-your-tv/versions {"name":"projects/881319410661/sites/sell-your-tv/versions/019d5e10c6032ace","status":"CREATED","config":{},"labels":{"deployment-tool":"cli-firebase"}}
[info] i  hosting[sell-your-tv]: beginning deploy... 
[info] i  hosting[sell-your-tv]: found 18 files in build 
[debug] [2022-11-28T13:08:31.782Z] [hosting] uploading with 200 concurrency
[debug] [2022-11-28T13:08:31.783Z] [hosting] hash cache [YnVpbGQ] not populated
[debug] [2022-11-28T13:08:32.278Z] [hosting] hash cache [YnVpbGQ] stored for 18 files
[debug] [2022-11-28T13:08:32.279Z] [hosting][hash queue][FINAL] {"max":484,"min":24,"avg":54.05555555555556,"active":0,"complete":18,"success":18,"errored":0,"retried":0,"total":18,"elapsed":495}
[debug] [2022-11-28T13:08:32.279Z] >>> [apiv2][query] POST https://firebasehosting.googleapis.com/v1beta1/projects/881319410661/sites/sell-your-tv/versions/019d5e10c6032ace:populateFiles [none]
[debug] [2022-11-28T13:08:32.279Z] >>> [apiv2][body] POST https://firebasehosting.googleapis.com/v1beta1/projects/881319410661/sites/sell-your-tv/versions/019d5e10c6032ace:populateFiles {"files":{"/asset-manifest.json":"dac2377fb372ae72858cb923383c40bfe365121c01717174f2fa5cc78c1ae3da","/index.html":"a067225f511da792918e26c03d3d43b3485f0dc5c07a114ade3351208ea9fd48","/favicon.ico":"bfdc09ed3e9f2fbfe53206103be7609accff1d90b481e120cf84823d9534e1a0","/favicon2.ico":"eae62e993eb980ec8a25058c39d5a51feab118bd2100c4deebb2a9c158ec11f9","/manifest.json":"aff3449bdc238776f5d6d967f19ec491b36aed5fb7f23ccff6500736fd58494a","/robots.txt":"bfe106a3fb878dc83461c86818bf74fc1bdc7f28538ba613cd3e775516ce8b49","/logo192.png":"3ee59515172ee198f3be375979df15ac5345183e656720a381b8872b2a39dc8b","/favicon1.ico":"f417ff90fcbe87cc266cfa4875e499ef793924486c63f3c480d13204751af678","/static/js/787.fa89abec.chunk.js":"5e2c7f1455c2b38e0d90f8b0caa80f87e5e11a8b004895b79b753bf28cd876f3","/static/js/main.a766e5b1.js.LICENSE.txt":"c3f6284286472425acbf7c80cd67217440f24e15a5e78c4adaa26201a7341392","/static/js/787.fa89abec.chunk.js.map":"b4252f197e2025ff51adbfc89bf7bca4058cd552d96621025bf61053036e0786","/static/media/index.cd351d7c31d0d3fccf96.cjs":"e93658ec997ed4c029ee70c288a9a53c257e6ac3e71cdf8a54924a8b99df1145","/static/media/logo.6ce24c58023cc2f8fd88fe9d219db6c6.svg":"ac1a3d8899432561573d6a5cf56459437c09b902599a1deb91c0f8d4bb40459d","/logo512.png":"ee7e2f3fdb8209c4b6fd7bef6ba50d1b9dba30a25bb5c3126df057e1cb6f5331","/static/css/main.67e01cc2.css":"1ad717e5b92ac1e8cd9ae69ab52d7c1852a1592d52beacd59ffb8600a1d46acb","/static/css/main.67e01cc2.css.map":"99777546defb4c8ccc4a6ea48a34a46d4d21cf71fd055d1ba96e7e2f53585624","/static/js/main.a766e5b1.js":"6723c17a5b46af572c7e4734f1bf62c838689496f6657fb163284fe4610b0e25","/static/js/main.a766e5b1.js.map":"b3777ff51ed02f5831454cbc1e0c61fe4d73d8c4fbac76e1516096342952737f"}}
[debug] [2022-11-28T13:08:33.567Z] <<< [apiv2][status] POST https://firebasehosting.googleapis.com/v1beta1/projects/881319410661/sites/sell-your-tv/versions/019d5e10c6032ace:populateFiles 200
[debug] [2022-11-28T13:08:33.567Z] <<< [apiv2][body] POST https://firebasehosting.googleapis.com/v1beta1/projects/881319410661/sites/sell-your-tv/versions/019d5e10c6032ace:populateFiles {"uploadRequiredHashes":["bfe106a3fb878dc83461c86818bf74fc1bdc7f28538ba613cd3e775516ce8b49","aff3449bdc238776f5d6d967f19ec491b36aed5fb7f23ccff6500736fd58494a","99777546defb4c8ccc4a6ea48a34a46d4d21cf71fd055d1ba96e7e2f53585624","dac2377fb372ae72858cb923383c40bfe365121c01717174f2fa5cc78c1ae3da","c3f6284286472425acbf7c80cd67217440f24e15a5e78c4adaa26201a7341392","1ad717e5b92ac1e8cd9ae69ab52d7c1852a1592d52beacd59ffb8600a1d46acb","eae62e993eb980ec8a25058c39d5a51feab118bd2100c4deebb2a9c158ec11f9","f417ff90fcbe87cc266cfa4875e499ef793924486c63f3c480d13204751af678","5e2c7f1455c2b38e0d90f8b0caa80f87e5e11a8b004895b79b753bf28cd876f3","b4252f197e2025ff51adbfc89bf7bca4058cd552d96621025bf61053036e0786","e93658ec997ed4c029ee70c288a9a53c257e6ac3e71cdf8a54924a8b99df1145","b3777ff51ed02f5831454cbc1e0c61fe4d73d8c4fbac76e1516096342952737f","ac1a3d8899432561573d6a5cf56459437c09b902599a1deb91c0f8d4bb40459d","3ee59515172ee198f3be375979df15ac5345183e656720a381b8872b2a39dc8b","a067225f511da792918e26c03d3d43b3485f0dc5c07a114ade3351208ea9fd48","6723c17a5b46af572c7e4734f1bf62c838689496f6657fb163284fe4610b0e25","bfdc09ed3e9f2fbfe53206103be7609accff1d90b481e120cf84823d9534e1a0","ee7e2f3fdb8209c4b6fd7bef6ba50d1b9dba30a25bb5c3126df057e1cb6f5331"],"uploadUrl":"https://upload-firebasehosting.googleapis.com/upload/sites/sell-your-tv/versions/019d5e10c6032ace/files"}
[debug] [2022-11-28T13:08:33.570Z] >>> [apiv2][query] POST https://upload-firebasehosting.googleapis.com/upload/sites/sell-your-tv/versions/019d5e10c6032ace/files/bfe106a3fb878dc83461c86818bf74fc1bdc7f28538ba613cd3e775516ce8b49 [none]
[debug] [2022-11-28T13:08:33.570Z] >>> [apiv2][body] POST https://upload-firebasehosting.googleapis.com/upload/sites/sell-your-tv/versions/019d5e10c6032ace/files/bfe106a3fb878dc83461c86818bf74fc1bdc7f28538ba613cd3e775516ce8b49 [stream]
[debug] [2022-11-28T13:08:33.572Z] >>> [apiv2][query] POST https://upload-firebasehosting.googleapis.com/upload/sites/sell-your-tv/versions/019d5e10c6032ace/files/aff3449bdc238776f5d6d967f19ec491b36aed5fb7f23ccff6500736fd58494a [none]
[debug] [2022-11-28T13:08:33.572Z] >>> [apiv2][body] POST https://upload-firebasehosting.googleapis.com/upload/sites/sell-your-tv/versions/019d5e10c6032ace/files/aff3449bdc238776f5d6d967f19ec491b36aed5fb7f23ccff6500736fd58494a [stream]
[debug] [2022-11-28T13:08:33.573Z] >>> [apiv2][query] POST https://upload-firebasehosting.googleapis.com/upload/sites/sell-your-tv/versions/019d5e10c6032ace/files/99777546defb4c8ccc4a6ea48a34a46d4d21cf71fd055d1ba96e7e2f53585624 [none]
[debug] [2022-11-28T13:08:33.573Z] >>> [apiv2][body] POST https://upload-firebasehosting.googleapis.com/upload/sites/sell-your-tv/versions/019d5e10c6032ace/files/99777546defb4c8ccc4a6ea48a34a46d4d21cf71fd055d1ba96e7e2f53585624 [stream]
[debug] [2022-11-28T13:08:33.574Z] >>> [apiv2][query] POST https://upload-firebasehosting.googleapis.com/upload/sites/sell-your-tv/versions/019d5e10c6032ace/files/dac2377fb372ae72858cb923383c40bfe365121c01717174f2fa5cc78c1ae3da [none]
[debug] [2022-11-28T13:08:33.574Z] >>> [apiv2][body] POST https://upload-firebasehosting.googleapis.com/upload/sites/sell-your-tv/versions/019d5e10c6032ace/files/dac2377fb372ae72858cb923383c40bfe365121c01717174f2fa5cc78c1ae3da [stream]
[debug] [2022-11-28T13:08:33.574Z] >>> [apiv2][query] POST https://upload-firebasehosting.googleapis.com/upload/sites/sell-your-tv/versions/019d5e10c6032ace/files/c3f6284286472425acbf7c80cd67217440f24e15a5e78c4adaa26201a7341392 [none]
[debug] [2022-11-28T13:08:33.574Z] >>> [apiv2][body] POST https://upload-firebasehosting.googleapis.com/upload/sites/sell-your-tv/versions/019d5e10c6032ace/files/c3f6284286472425acbf7c80cd67217440f24e15a5e78c4adaa26201a7341392 [stream]
[debug] [2022-11-28T13:08:33.575Z] >>> [apiv2][query] POST https://upload-firebasehosting.googleapis.com/upload/sites/sell-your-tv/versions/019d5e10c6032ace/files/1ad717e5b92ac1e8cd9ae69ab52d7c1852a1592d52beacd59ffb8600a1d46acb [none]
[debug] [2022-11-28T13:08:33.575Z] >>> [apiv2][body] POST https://upload-firebasehosting.googleapis.com/upload/sites/sell-your-tv/versions/019d5e10c6032ace/files/1ad717e5b92ac1e8cd9ae69ab52d7c1852a1592d52beacd59ffb8600a1d46acb [stream]
[debug] [2022-11-28T13:08:33.576Z] >>> [apiv2][query] POST https://upload-firebasehosting.googleapis.com/upload/sites/sell-your-tv/versions/019d5e10c6032ace/files/eae62e993eb980ec8a25058c39d5a51feab118bd2100c4deebb2a9c158ec11f9 [none]
[debug] [2022-11-28T13:08:33.576Z] >>> [apiv2][body] POST https://upload-firebasehosting.googleapis.com/upload/sites/sell-your-tv/versions/019d5e10c6032ace/files/eae62e993eb980ec8a25058c39d5a51feab118bd2100c4deebb2a9c158ec11f9 [stream]
[debug] [2022-11-28T13:08:33.577Z] >>> [apiv2][query] POST https://upload-firebasehosting.googleapis.com/upload/sites/sell-your-tv/versions/019d5e10c6032ace/files/f417ff90fcbe87cc266cfa4875e499ef793924486c63f3c480d13204751af678 [none]
[debug] [2022-11-28T13:08:33.577Z] >>> [apiv2][body] POST https://upload-firebasehosting.googleapis.com/upload/sites/sell-your-tv/versions/019d5e10c6032ace/files/f417ff90fcbe87cc266cfa4875e499ef793924486c63f3c480d13204751af678 [stream]
[debug] [2022-11-28T13:08:33.578Z] >>> [apiv2][query] POST https://upload-firebasehosting.googleapis.com/upload/sites/sell-your-tv/versions/019d5e10c6032ace/files/5e2c7f1455c2b38e0d90f8b0caa80f87e5e11a8b004895b79b753bf28cd876f3 [none]
[debug] [2022-11-28T13:08:33.578Z] >>> [apiv2][body] POST https://upload-firebasehosting.googleapis.com/upload/sites/sell-your-tv/versions/019d5e10c6032ace/files/5e2c7f1455c2b38e0d90f8b0caa80f87e5e11a8b004895b79b753bf28cd876f3 [stream]
[debug] [2022-11-28T13:08:33.579Z] >>> [apiv2][query] POST https://upload-firebasehosting.googleapis.com/upload/sites/sell-your-tv/versions/019d5e10c6032ace/files/b4252f197e2025ff51adbfc89bf7bca4058cd552d96621025bf61053036e0786 [none]
[debug] [2022-11-28T13:08:33.579Z] >>> [apiv2][body] POST https://upload-firebasehosting.googleapis.com/upload/sites/sell-your-tv/versions/019d5e10c6032ace/files/b4252f197e2025ff51adbfc89bf7bca4058cd552d96621025bf61053036e0786 [stream]
[debug] [2022-11-28T13:08:33.580Z] >>> [apiv2][query] POST https://upload-firebasehosting.googleapis.com/upload/sites/sell-your-tv/versions/019d5e10c6032ace/files/e93658ec997ed4c029ee70c288a9a53c257e6ac3e71cdf8a54924a8b99df1145 [none]
[debug] [2022-11-28T13:08:33.580Z] >>> [apiv2][body] POST https://upload-firebasehosting.googleapis.com/upload/sites/sell-your-tv/versions/019d5e10c6032ace/files/e93658ec997ed4c029ee70c288a9a53c257e6ac3e71cdf8a54924a8b99df1145 [stream]
[debug] [2022-11-28T13:08:33.581Z] >>> [apiv2][query] POST https://upload-firebasehosting.googleapis.com/upload/sites/sell-your-tv/versions/019d5e10c6032ace/files/b3777ff51ed02f5831454cbc1e0c61fe4d73d8c4fbac76e1516096342952737f [none]
[debug] [2022-11-28T13:08:33.581Z] >>> [apiv2][body] POST https://upload-firebasehosting.googleapis.com/upload/sites/sell-your-tv/versions/019d5e10c6032ace/files/b3777ff51ed02f5831454cbc1e0c61fe4d73d8c4fbac76e1516096342952737f [stream]
[debug] [2022-11-28T13:08:33.581Z] >>> [apiv2][query] POST https://upload-firebasehosting.googleapis.com/upload/sites/sell-your-tv/versions/019d5e10c6032ace/files/ac1a3d8899432561573d6a5cf56459437c09b902599a1deb91c0f8d4bb40459d [none]
[debug] [2022-11-28T13:08:33.581Z] >>> [apiv2][body] POST https://upload-firebasehosting.googleapis.com/upload/sites/sell-your-tv/versions/019d5e10c6032ace/files/ac1a3d8899432561573d6a5cf56459437c09b902599a1deb91c0f8d4bb40459d [stream]
[debug] [2022-11-28T13:08:33.582Z] >>> [apiv2][query] POST https://upload-firebasehosting.googleapis.com/upload/sites/sell-your-tv/versions/019d5e10c6032ace/files/3ee59515172ee198f3be375979df15ac5345183e656720a381b8872b2a39dc8b [none]
[debug] [2022-11-28T13:08:33.582Z] >>> [apiv2][body] POST https://upload-firebasehosting.googleapis.com/upload/sites/sell-your-tv/versions/019d5e10c6032ace/files/3ee59515172ee198f3be375979df15ac5345183e656720a381b8872b2a39dc8b [stream]
[debug] [2022-11-28T13:08:33.583Z] >>> [apiv2][query] POST https://upload-firebasehosting.googleapis.com/upload/sites/sell-your-tv/versions/019d5e10c6032ace/files/a067225f511da792918e26c03d3d43b3485f0dc5c07a114ade3351208ea9fd48 [none]
[debug] [2022-11-28T13:08:33.583Z] >>> [apiv2][body] POST https://upload-firebasehosting.googleapis.com/upload/sites/sell-your-tv/versions/019d5e10c6032ace/files/a067225f511da792918e26c03d3d43b3485f0dc5c07a114ade3351208ea9fd48 [stream]
[debug] [2022-11-28T13:08:33.586Z] >>> [apiv2][query] POST https://upload-firebasehosting.googleapis.com/upload/sites/sell-your-tv/versions/019d5e10c6032ace/files/6723c17a5b46af572c7e4734f1bf62c838689496f6657fb163284fe4610b0e25 [none]
[debug] [2022-11-28T13:08:33.586Z] >>> [apiv2][body] POST https://upload-firebasehosting.googleapis.com/upload/sites/sell-your-tv/versions/019d5e10c6032ace/files/6723c17a5b46af572c7e4734f1bf62c838689496f6657fb163284fe4610b0e25 [stream]
[debug] [2022-11-28T13:08:33.587Z] >>> [apiv2][query] POST https://upload-firebasehosting.googleapis.com/upload/sites/sell-your-tv/versions/019d5e10c6032ace/files/bfdc09ed3e9f2fbfe53206103be7609accff1d90b481e120cf84823d9534e1a0 [none]
[debug] [2022-11-28T13:08:33.587Z] >>> [apiv2][body] POST https://upload-firebasehosting.googleapis.com/upload/sites/sell-your-tv/versions/019d5e10c6032ace/files/bfdc09ed3e9f2fbfe53206103be7609accff1d90b481e120cf84823d9534e1a0 [stream]
[debug] [2022-11-28T13:08:33.588Z] >>> [apiv2][query] POST https://upload-firebasehosting.googleapis.com/upload/sites/sell-your-tv/versions/019d5e10c6032ace/files/ee7e2f3fdb8209c4b6fd7bef6ba50d1b9dba30a25bb5c3126df057e1cb6f5331 [none]
[debug] [2022-11-28T13:08:33.588Z] >>> [apiv2][body] POST https://upload-firebasehosting.googleapis.com/upload/sites/sell-your-tv/versions/019d5e10c6032ace/files/ee7e2f3fdb8209c4b6fd7bef6ba50d1b9dba30a25bb5c3126df057e1cb6f5331 [stream]
[debug] [2022-11-28T13:08:33.589Z] [hosting][populate queue][FINAL] {"max":1296,"min":1296,"avg":1296,"active":0,"complete":1,"success":1,"errored":0,"retried":0,"total":1,"elapsed":1315}
[debug] [2022-11-28T13:08:33.590Z] [hosting] uploads queued: 18
[debug] [2022-11-28T13:08:34.959Z] <<< [apiv2][status] POST https://upload-firebasehosting.googleapis.com/upload/sites/sell-your-tv/versions/019d5e10c6032ace/files/3ee59515172ee198f3be375979df15ac5345183e656720a381b8872b2a39dc8b 200
[debug] [2022-11-28T13:08:34.959Z] <<< [apiv2][body] POST https://upload-firebasehosting.googleapis.com/upload/sites/sell-your-tv/versions/019d5e10c6032ace/files/3ee59515172ee198f3be375979df15ac5345183e656720a381b8872b2a39dc8b [stream]
[debug] [2022-11-28T13:08:34.961Z] <<< [apiv2][status] POST https://upload-firebasehosting.googleapis.com/upload/sites/sell-your-tv/versions/019d5e10c6032ace/files/5e2c7f1455c2b38e0d90f8b0caa80f87e5e11a8b004895b79b753bf28cd876f3 200
[debug] [2022-11-28T13:08:34.961Z] <<< [apiv2][body] POST https://upload-firebasehosting.googleapis.com/upload/sites/sell-your-tv/versions/019d5e10c6032ace/files/5e2c7f1455c2b38e0d90f8b0caa80f87e5e11a8b004895b79b753bf28cd876f3 [stream]
[debug] [2022-11-28T13:08:34.968Z] <<< [apiv2][status] POST https://upload-firebasehosting.googleapis.com/upload/sites/sell-your-tv/versions/019d5e10c6032ace/files/eae62e993eb980ec8a25058c39d5a51feab118bd2100c4deebb2a9c158ec11f9 200
[debug] [2022-11-28T13:08:34.969Z] <<< [apiv2][body] POST https://upload-firebasehosting.googleapis.com/upload/sites/sell-your-tv/versions/019d5e10c6032ace/files/eae62e993eb980ec8a25058c39d5a51feab118bd2100c4deebb2a9c158ec11f9 [stream]
[debug] [2022-11-28T13:08:34.971Z] <<< [apiv2][status] POST https://upload-firebasehosting.googleapis.com/upload/sites/sell-your-tv/versions/019d5e10c6032ace/files/b4252f197e2025ff51adbfc89bf7bca4058cd552d96621025bf61053036e0786 200
[debug] [2022-11-28T13:08:34.971Z] <<< [apiv2][body] POST https://upload-firebasehosting.googleapis.com/upload/sites/sell-your-tv/versions/019d5e10c6032ace/files/b4252f197e2025ff51adbfc89bf7bca4058cd552d96621025bf61053036e0786 [stream]
[debug] [2022-11-28T13:08:35.038Z] <<< [apiv2][status] POST https://upload-firebasehosting.googleapis.com/upload/sites/sell-your-tv/versions/019d5e10c6032ace/files/c3f6284286472425acbf7c80cd67217440f24e15a5e78c4adaa26201a7341392 200
[debug] [2022-11-28T13:08:35.039Z] <<< [apiv2][body] POST https://upload-firebasehosting.googleapis.com/upload/sites/sell-your-tv/versions/019d5e10c6032ace/files/c3f6284286472425acbf7c80cd67217440f24e15a5e78c4adaa26201a7341392 [stream]
[debug] [2022-11-28T13:08:35.040Z] <<< [apiv2][status] POST https://upload-firebasehosting.googleapis.com/upload/sites/sell-your-tv/versions/019d5e10c6032ace/files/aff3449bdc238776f5d6d967f19ec491b36aed5fb7f23ccff6500736fd58494a 200
[debug] [2022-11-28T13:08:35.041Z] <<< [apiv2][body] POST https://upload-firebasehosting.googleapis.com/upload/sites/sell-your-tv/versions/019d5e10c6032ace/files/aff3449bdc238776f5d6d967f19ec491b36aed5fb7f23ccff6500736fd58494a [stream]
[debug] [2022-11-28T13:08:35.059Z] <<< [apiv2][status] POST https://upload-firebasehosting.googleapis.com/upload/sites/sell-your-tv/versions/019d5e10c6032ace/files/ac1a3d8899432561573d6a5cf56459437c09b902599a1deb91c0f8d4bb40459d 200
[debug] [2022-11-28T13:08:35.059Z] <<< [apiv2][body] POST https://upload-firebasehosting.googleapis.com/upload/sites/sell-your-tv/versions/019d5e10c6032ace/files/ac1a3d8899432561573d6a5cf56459437c09b902599a1deb91c0f8d4bb40459d [stream]
[debug] [2022-11-28T13:08:35.139Z] <<< [apiv2][status] POST https://upload-firebasehosting.googleapis.com/upload/sites/sell-your-tv/versions/019d5e10c6032ace/files/bfdc09ed3e9f2fbfe53206103be7609accff1d90b481e120cf84823d9534e1a0 200
[debug] [2022-11-28T13:08:35.139Z] <<< [apiv2][body] POST https://upload-firebasehosting.googleapis.com/upload/sites/sell-your-tv/versions/019d5e10c6032ace/files/bfdc09ed3e9f2fbfe53206103be7609accff1d90b481e120cf84823d9534e1a0 [stream]
[debug] [2022-11-28T13:08:35.225Z] <<< [apiv2][status] POST https://upload-firebasehosting.googleapis.com/upload/sites/sell-your-tv/versions/019d5e10c6032ace/files/99777546defb4c8ccc4a6ea48a34a46d4d21cf71fd055d1ba96e7e2f53585624 200
[debug] [2022-11-28T13:08:35.226Z] <<< [apiv2][body] POST https://upload-firebasehosting.googleapis.com/upload/sites/sell-your-tv/versions/019d5e10c6032ace/files/99777546defb4c8ccc4a6ea48a34a46d4d21cf71fd055d1ba96e7e2f53585624 [stream]
[debug] [2022-11-28T13:08:35.241Z] <<< [apiv2][status] POST https://upload-firebasehosting.googleapis.com/upload/sites/sell-your-tv/versions/019d5e10c6032ace/files/dac2377fb372ae72858cb923383c40bfe365121c01717174f2fa5cc78c1ae3da 200
[debug] [2022-11-28T13:08:35.241Z] <<< [apiv2][body] POST https://upload-firebasehosting.googleapis.com/upload/sites/sell-your-tv/versions/019d5e10c6032ace/files/dac2377fb372ae72858cb923383c40bfe365121c01717174f2fa5cc78c1ae3da [stream]
[debug] [2022-11-28T13:08:35.252Z] <<< [apiv2][status] POST https://upload-firebasehosting.googleapis.com/upload/sites/sell-your-tv/versions/019d5e10c6032ace/files/e93658ec997ed4c029ee70c288a9a53c257e6ac3e71cdf8a54924a8b99df1145 200
[debug] [2022-11-28T13:08:35.253Z] <<< [apiv2][body] POST https://upload-firebasehosting.googleapis.com/upload/sites/sell-your-tv/versions/019d5e10c6032ace/files/e93658ec997ed4c029ee70c288a9a53c257e6ac3e71cdf8a54924a8b99df1145 [stream]
[debug] [2022-11-28T13:08:35.257Z] <<< [apiv2][status] POST https://upload-firebasehosting.googleapis.com/upload/sites/sell-your-tv/versions/019d5e10c6032ace/files/f417ff90fcbe87cc266cfa4875e499ef793924486c63f3c480d13204751af678 200
[debug] [2022-11-28T13:08:35.258Z] <<< [apiv2][body] POST https://upload-firebasehosting.googleapis.com/upload/sites/sell-your-tv/versions/019d5e10c6032ace/files/f417ff90fcbe87cc266cfa4875e499ef793924486c63f3c480d13204751af678 [stream]
[debug] [2022-11-28T13:08:35.272Z] <<< [apiv2][status] POST https://upload-firebasehosting.googleapis.com/upload/sites/sell-your-tv/versions/019d5e10c6032ace/files/a067225f511da792918e26c03d3d43b3485f0dc5c07a114ade3351208ea9fd48 200
[debug] [2022-11-28T13:08:35.272Z] <<< [apiv2][body] POST https://upload-firebasehosting.googleapis.com/upload/sites/sell-your-tv/versions/019d5e10c6032ace/files/a067225f511da792918e26c03d3d43b3485f0dc5c07a114ade3351208ea9fd48 [stream]
[debug] [2022-11-28T13:08:35.320Z] <<< [apiv2][status] POST https://upload-firebasehosting.googleapis.com/upload/sites/sell-your-tv/versions/019d5e10c6032ace/files/ee7e2f3fdb8209c4b6fd7bef6ba50d1b9dba30a25bb5c3126df057e1cb6f5331 200
[debug] [2022-11-28T13:08:35.320Z] <<< [apiv2][body] POST https://upload-firebasehosting.googleapis.com/upload/sites/sell-your-tv/versions/019d5e10c6032ace/files/ee7e2f3fdb8209c4b6fd7bef6ba50d1b9dba30a25bb5c3126df057e1cb6f5331 [stream]
[debug] [2022-11-28T13:08:35.341Z] <<< [apiv2][status] POST https://upload-firebasehosting.googleapis.com/upload/sites/sell-your-tv/versions/019d5e10c6032ace/files/1ad717e5b92ac1e8cd9ae69ab52d7c1852a1592d52beacd59ffb8600a1d46acb 200
[debug] [2022-11-28T13:08:35.341Z] <<< [apiv2][body] POST https://upload-firebasehosting.googleapis.com/upload/sites/sell-your-tv/versions/019d5e10c6032ace/files/1ad717e5b92ac1e8cd9ae69ab52d7c1852a1592d52beacd59ffb8600a1d46acb [stream]
[debug] [2022-11-28T13:08:35.663Z] <<< [apiv2][status] POST https://upload-firebasehosting.googleapis.com/upload/sites/sell-your-tv/versions/019d5e10c6032ace/files/bfe106a3fb878dc83461c86818bf74fc1bdc7f28538ba613cd3e775516ce8b49 200
[debug] [2022-11-28T13:08:35.663Z] <<< [apiv2][body] POST https://upload-firebasehosting.googleapis.com/upload/sites/sell-your-tv/versions/019d5e10c6032ace/files/bfe106a3fb878dc83461c86818bf74fc1bdc7f28538ba613cd3e775516ce8b49 [stream]
[debug] [2022-11-28T13:08:41.281Z] <<< [apiv2][status] POST https://upload-firebasehosting.googleapis.com/upload/sites/sell-your-tv/versions/019d5e10c6032ace/files/6723c17a5b46af572c7e4734f1bf62c838689496f6657fb163284fe4610b0e25 200
[debug] [2022-11-28T13:08:41.281Z] <<< [apiv2][body] POST https://upload-firebasehosting.googleapis.com/upload/sites/sell-your-tv/versions/019d5e10c6032ace/files/6723c17a5b46af572c7e4734f1bf62c838689496f6657fb163284fe4610b0e25 [stream]
[debug] [2022-11-28T13:08:50.521Z] <<< [apiv2][status] POST https://upload-firebasehosting.googleapis.com/upload/sites/sell-your-tv/versions/019d5e10c6032ace/files/b3777ff51ed02f5831454cbc1e0c61fe4d73d8c4fbac76e1516096342952737f 200
[debug] [2022-11-28T13:08:50.521Z] <<< [apiv2][body] POST https://upload-firebasehosting.googleapis.com/upload/sites/sell-your-tv/versions/019d5e10c6032ace/files/b3777ff51ed02f5831454cbc1e0c61fe4d73d8c4fbac76e1516096342952737f [stream]
[debug] [2022-11-28T13:08:50.521Z] [hosting][upload queue][FINAL] {"max":16952,"min":1391,"avg":2793.4444444444443,"active":0,"complete":18,"success":18,"errored":0,"retried":0,"total":18,"elapsed":16954}
[info] +  hosting[sell-your-tv]: file upload complete 
[debug] [2022-11-28T13:08:50.522Z] [hosting] deploy completed after 18752ms
[debug] [2022-11-28T13:08:50.526Z] [
  {
    "config": {
      "public": "build",
      "ignore": [
        "firebase.json",
        "**/.*",
        "**/node_modules/**"
      ],
      "rewrites": [
        {
          "source": "**",
          "destination": "/index.html"
        }
      ],
      "site": "sell-your-tv"
    },
    "version": "projects/881319410661/sites/sell-your-tv/versions/019d5e10c6032ace"
  }
]
[info] i  hosting[sell-your-tv]: finalizing version... 
[debug] [2022-11-28T13:08:50.529Z] >>> [apiv2][query] PATCH https://firebasehosting.googleapis.com/v1beta1/projects/-/sites/sell-your-tv/versions/019d5e10c6032ace updateMask=status%2Cconfig
[debug] [2022-11-28T13:08:50.530Z] >>> [apiv2][body] PATCH https://firebasehosting.googleapis.com/v1beta1/projects/-/sites/sell-your-tv/versions/019d5e10c6032ace {"status":"FINALIZED","config":{"rewrites":[{"glob":"**","path":"/index.html"}]}}
[debug] [2022-11-28T13:08:51.819Z] <<< [apiv2][status] PATCH https://firebasehosting.googleapis.com/v1beta1/projects/-/sites/sell-your-tv/versions/019d5e10c6032ace 200
[debug] [2022-11-28T13:08:51.820Z] <<< [apiv2][body] PATCH https://firebasehosting.googleapis.com/v1beta1/projects/-/sites/sell-your-tv/versions/019d5e10c6032ace {"name":"projects/881319410661/sites/sell-your-tv/versions/019d5e10c6032ace","status":"FINALIZED","config":{"rewrites":[{"glob":"**","path":"/index.html"}]},"labels":{"deployment-tool":"cli-firebase"},"createTime":"2022-11-28T13:08:31.304509Z","createUser":{"email":"nasirahsan520@gmail.com"},"finalizeTime":"2022-11-28T13:08:52.350519Z","finalizeUser":{"email":"nasirahsan520@gmail.com"}}
[debug] [2022-11-28T13:08:51.820Z] [hosting] finalized version for sell-your-tv:[object Object]
[info] +  hosting[sell-your-tv]: version finalized 
[info] i  hosting[sell-your-tv]: releasing new version... 
[debug] [2022-11-28T13:08:51.823Z] >>> [apiv2][query] POST https://firebasehosting.googleapis.com/v1beta1/projects/-/sites/sell-your-tv/channels/live/releases versionName=projects%2F881319410661%2Fsites%2Fsell-your-tv%2Fversions%2F019d5e10c6032ace
[debug] [2022-11-28T13:08:51.823Z] >>> [apiv2][body] POST https://firebasehosting.googleapis.com/v1beta1/projects/-/sites/sell-your-tv/channels/live/releases {}
[debug] [2022-11-28T13:08:53.039Z] <<< [apiv2][status] POST https://firebasehosting.googleapis.com/v1beta1/projects/-/sites/sell-your-tv/channels/live/releases 200
[debug] [2022-11-28T13:08:53.039Z] <<< [apiv2][body] POST https://firebasehosting.googleapis.com/v1beta1/projects/-/sites/sell-your-tv/channels/live/releases {"name":"projects/881319410661/sites/sell-your-tv/channels/live/releases/1669640932863076","version":{"name":"projects/881319410661/sites/sell-your-tv/versions/019d5e10c6032ace","status":"FINALIZED","config":{"rewrites":[{"glob":"**","path":"/index.html"}]},"labels":{"deployment-tool":"cli-firebase"},"createTime":"2022-11-28T13:08:31.304509Z","createUser":{"email":"nasirahsan520@gmail.com","imageUrl":"https://lh3.googleusercontent.com/a/ALm5wu1RLeM6MDXjSuS6Ca4yOkl04558k4yi4wKntI4N"},"finalizeTime":"2022-11-28T13:08:52.350519Z","finalizeUser":{"email":"nasirahsan520@gmail.com","imageUrl":"https://lh3.googleusercontent.com/a/ALm5wu1RLeM6MDXjSuS6Ca4yOkl04558k4yi4wKntI4N"}},"type":"DEPLOY","releaseTime":"2022-11-28T13:08:52.863076883Z","releaseUser":{"email":"nasirahsan520@gmail.com","imageUrl":"https://lh3.googleusercontent.com/a/ALm5wu1RLeM6MDXjSuS6Ca4yOkl04558k4yi4wKntI4N"}}
[debug] [2022-11-28T13:08:53.039Z] [hosting] release: {"name":"projects/881319410661/sites/sell-your-tv/channels/live/releases/1669640932863076","version":{"name":"projects/881319410661/sites/sell-your-tv/versions/019d5e10c6032ace","status":"FINALIZED","config":{"rewrites":[{"glob":"**","path":"/index.html"}]},"labels":{"deployment-tool":"cli-firebase"},"createTime":"2022-11-28T13:08:31.304509Z","createUser":{"email":"nasirahsan520@gmail.com","imageUrl":"https://lh3.googleusercontent.com/a/ALm5wu1RLeM6MDXjSuS6Ca4yOkl04558k4yi4wKntI4N"},"finalizeTime":"2022-11-28T13:08:52.350519Z","finalizeUser":{"email":"nasirahsan520@gmail.com","imageUrl":"https://lh3.googleusercontent.com/a/ALm5wu1RLeM6MDXjSuS6Ca4yOkl04558k4yi4wKntI4N"}},"type":"DEPLOY","releaseTime":"2022-11-28T13:08:52.863076883Z","releaseUser":{"email":"nasirahsan520@gmail.com","imageUrl":"https://lh3.googleusercontent.com/a/ALm5wu1RLeM6MDXjSuS6Ca4yOkl04558k4yi4wKntI4N"}}
[info] +  hosting[sell-your-tv]: release complete 
[info] 
[info] +  Deploy complete! 
[info] 
[info] Project Console: https://console.firebase.google.com/project/sell-your-tv/overview
[info] Hosting URL: https://sell-your-tv.web.app
[debug] [2022-11-28T13:08:58.558Z] Error: Timed out.
    at Timeout._onTimeout (C:\Users\Nasir\AppData\Roaming\npm\node_modules\firebase-tools\lib\utils.js:253:49)
    at listOnTimeout (node:internal/timers:559:17)
    at processTimers (node:internal/timers:502:7)
[error] 
[error] Error: An unexpected error has occurred.
